Started at Wed Jul 08 02:56:31 UTC 2020
Finished at Wed Jul 08 02:56:31 UTC 2020. 1ms
Started at Wed Jul 08 03:56:31 UTC 2020
Processing test
Offering test to Project Build Discarder
Processing test-param
Offering test-param to Project Build Discarder
Finished at Wed Jul 08 03:56:31 UTC 2020. 1ms
Started at Wed Jul 08 04:56:31 UTC 2020
Processing test
Offering test to Project Build Discarder
Processing test-param
Offering test-param to Project Build Discarder
Finished at Wed Jul 08 04:56:31 UTC 2020. 2ms
Started at Wed Jul 08 05:56:31 UTC 2020
Processing test
Offering test to Project Build Discarder
Processing test-param
Offering test-param to Project Build Discarder
Finished at Wed Jul 08 05:56:31 UTC 2020. 1ms
Started at Wed Jul 08 06:56:31 UTC 2020
Processing test
Offering test to Project Build Discarder
Processing test-param
Offering test-param to Project Build Discarder
Finished at Wed Jul 08 06:56:31 UTC 2020. 2ms
Started at Wed Jul 08 07:56:31 UTC 2020
Processing test
Offering test to Project Build Discarder
Processing test-param
Offering test-param to Project Build Discarder
Finished at Wed Jul 08 07:56:31 UTC 2020. 2ms
Started at Wed Jul 08 08:56:31 UTC 2020
Processing test
Offering test to Project Build Discarder
Processing test-param
Offering test-param to Project Build Discarder
Finished at Wed Jul 08 08:56:31 UTC 2020. 2ms
Started at Wed Jul 08 09:56:31 UTC 2020
Processing test
Offering test to Project Build Discarder
Processing test-param
Offering test-param to Project Build Discarder
Finished at Wed Jul 08 09:56:31 UTC 2020. 2ms
Started at Wed Jul 08 10:56:31 UTC 2020
Processing test
Offering test to Project Build Discarder
Processing test-param
Offering test-param to Project Build Discarder
Finished at Wed Jul 08 10:56:31 UTC 2020. 1ms
Started at Wed Jul 08 11:56:31 UTC 2020
Processing test
Offering test to Project Build Discarder
Processing test-param
Offering test-param to Project Build Discarder
Finished at Wed Jul 08 11:56:31 UTC 2020. 2ms
Started at Wed Jul 08 12:56:31 UTC 2020
Processing test
Offering test to Project Build Discarder
Processing test-param
Offering test-param to Project Build Discarder
Finished at Wed Jul 08 12:56:31 UTC 2020. 2ms
Started at Wed Jul 08 13:56:31 UTC 2020
Processing test
Offering test to Project Build Discarder
Processing test-param
Offering test-param to Project Build Discarder
Finished at Wed Jul 08 13:56:31 UTC 2020. 2ms
Started at Wed Jul 08 14:56:31 UTC 2020
Processing test
Offering test to Project Build Discarder
Processing test-param
Offering test-param to Project Build Discarder
Finished at Wed Jul 08 14:56:31 UTC 2020. 2ms
